<?xml version="1.0" encoding="UTF-8"?>
<coverage generated="1679259866595" clover="3.2.0">
  <project timestamp="1679259866595" name="All files">
    <metrics statements="65" coveredstatements="54" conditionals="3" coveredconditionals="2" methods="8" coveredmethods="6" elements="76" coveredelements="62" complexity="0" loc="65" ncloc="65" packages="2" files="7" classes="7"/>
    <package name="lib">
      <metrics statements="7" coveredstatements="6" conditionals="3" coveredconditionals="2" methods="0" coveredmethods="0"/>
      <file name="prisma.ts" path="/Users/juliahoang/Documents/PROGRAMMING/project-requirement-rascals-15/pantrypal/lib/prisma.ts">
        <metrics statements="7" coveredstatements="6" conditionals="3" coveredconditionals="2" methods="0" coveredmethods="0"/>
        <line num="2" count="3" type="stmt"/>
        <line num="10" count="3" type="cond" truecount="1" falsecount="1"/>
        <line num="11" count="0" type="stmt"/>
        <line num="13" count="3" type="cond" truecount="1" falsecount="0"/>
        <line num="14" count="3" type="stmt"/>
        <line num="16" count="3" type="stmt"/>
        <line num="19" count="3" type="stmt"/>
      </file>
    </package>
    <package name="pages.api">
      <metrics statements="58" coveredstatements="48" conditionals="0" coveredconditionals="0" methods="8" coveredmethods="6"/>
      <file name="createItem.ts" path="/Users/juliahoang/Documents/PROGRAMMING/project-requirement-rascals-15/pantrypal/pages/api/createItem.ts">
        <metrics statements="6" coveredstatements="6" conditionals="0" coveredconditionals="0" methods="1" coveredmethods="1"/>
        <line num="2" count="2" type="stmt"/>
        <line num="21" count="2" type="stmt"/>
        <line num="22" count="10" type="stmt"/>
        <line num="23" count="10" type="stmt"/>
        <line num="27" count="9" type="stmt"/>
        <line num="30" count="1" type="stmt"/>
      </file>
      <file name="deleteItem.ts" path="/Users/juliahoang/Documents/PROGRAMMING/project-requirement-rascals-15/pantrypal/pages/api/deleteItem.ts">
        <metrics statements="7" coveredstatements="6" conditionals="0" coveredconditionals="0" methods="1" coveredmethods="1"/>
        <line num="2" count="1" type="stmt"/>
        <line num="3" count="1" type="stmt"/>
        <line num="22" count="1" type="stmt"/>
        <line num="23" count="7" type="stmt"/>
        <line num="24" count="7" type="stmt"/>
        <line num="30" count="7" type="stmt"/>
        <line num="32" count="0" type="stmt"/>
      </file>
      <file name="fetchItem.ts" path="/Users/juliahoang/Documents/PROGRAMMING/project-requirement-rascals-15/pantrypal/pages/api/fetchItem.ts">
        <metrics statements="7" coveredstatements="6" conditionals="0" coveredconditionals="0" methods="1" coveredmethods="1"/>
        <line num="2" count="2" type="stmt"/>
        <line num="19" count="2" type="stmt"/>
        <line num="21" count="7" type="stmt"/>
        <line num="24" count="7" type="stmt"/>
        <line num="25" count="7" type="stmt"/>
        <line num="49" count="7" type="stmt"/>
        <line num="51" count="0" type="stmt"/>
      </file>
      <file name="getRecipe.ts" path="/Users/juliahoang/Documents/PROGRAMMING/project-requirement-rascals-15/pantrypal/pages/api/getRecipe.ts">
        <metrics statements="25" coveredstatements="18" conditionals="0" coveredconditionals="0" methods="3" coveredmethods="1"/>
        <line num="1" count="2" type="stmt"/>
        <line num="3" count="8" type="stmt"/>
        <line num="4" count="8" type="stmt"/>
        <line num="5" count="8" type="stmt"/>
        <line num="7" count="8" type="stmt"/>
        <line num="8" count="8" type="stmt"/>
        <line num="9" count="8" type="stmt"/>
        <line num="11" count="8" type="stmt"/>
        <line num="13" count="8" type="stmt"/>
        <line num="14" count="8" type="stmt"/>
        <line num="17" count="8" type="stmt"/>
        <line num="18" count="8" type="stmt"/>
        <line num="21" count="8" type="stmt"/>
        <line num="22" count="5" type="stmt"/>
        <line num="30" count="8" type="stmt"/>
        <line num="33" count="8" type="stmt"/>
        <line num="36" count="2" type="stmt"/>
        <line num="37" count="0" type="stmt"/>
        <line num="38" count="0" type="stmt"/>
        <line num="39" count="0" type="stmt"/>
        <line num="40" count="0" type="stmt"/>
        <line num="41" count="0" type="stmt"/>
        <line num="43" count="0" type="stmt"/>
        <line num="45" count="0" type="stmt"/>
        <line num="49" count="2" type="stmt"/>
      </file>
      <file name="updateItem.ts" path="/Users/juliahoang/Documents/PROGRAMMING/project-requirement-rascals-15/pantrypal/pages/api/updateItem.ts">
        <metrics statements="5" coveredstatements="5" conditionals="0" coveredconditionals="0" methods="1" coveredmethods="1"/>
        <line num="2" count="1" type="stmt"/>
        <line num="5" count="1" type="stmt"/>
        <line num="6" count="3" type="stmt"/>
        <line num="7" count="3" type="stmt"/>
        <line num="13" count="3" type="stmt"/>
      </file>
      <file name="warningItems.ts" path="/Users/juliahoang/Documents/PROGRAMMING/project-requirement-rascals-15/pantrypal/pages/api/warningItems.ts">
        <metrics statements="8" coveredstatements="7" conditionals="0" coveredconditionals="0" methods="1" coveredmethods="1"/>
        <line num="2" count="1" type="stmt"/>
        <line num="5" count="1" type="stmt"/>
        <line num="6" count="1" type="stmt"/>
        <line num="24" count="1" type="stmt"/>
        <line num="25" count="1" type="stmt"/>
        <line num="26" count="1" type="stmt"/>
        <line num="36" count="1" type="stmt"/>
        <line num="38" count="0" type="stmt"/>
      </file>
    </package>
  </project>
</coverage>
