{"/Users/juliahoang/Documents/PROGRAMMING/project-requirement-rascals-15/pantrypal/lib/prisma.ts": {"path":"/Users/juliahoang/Documents/PROGRAMMING/project-requirement-rascals-15/pantrypal/lib/prisma.ts","statementMap":{"0":{"start":{"line":2,"column":0},"end":{"line":2,"column":46}},"1":{"start":{"line":10,"column":0},"end":{"line":17,"column":null}},"2":{"start":{"line":11,"column":2},"end":{"line":11,"column":30}},"3":{"start":{"line":13,"column":2},"end":{"line":15,"column":null}},"4":{"start":{"line":14,"column":4},"end":{"line":14,"column":39}},"5":{"start":{"line":16,"column":2},"end":{"line":16,"column":25}},"6":{"start":{"line":19,"column":0},"end":{"line":19,"column":22}}},"fnMap":{},"branchMap":{"0":{"loc":{"start":{"line":10,"column":0},"end":{"line":17,"column":null}},"type":"if","locations":[{"start":{"line":10,"column":0},"end":{"line":17,"column":null}},{"start":{"line":12,"column":7},"end":{"line":17,"column":null}}]},"1":{"loc":{"start":{"line":13,"column":2},"end":{"line":15,"column":null}},"type":"if","locations":[{"start":{"line":13,"column":2},"end":{"line":15,"column":null}}]}},"s":{"0":3,"1":3,"2":0,"3":3,"4":3,"5":3,"6":3},"f":{},"b":{"0":[0,3],"1":[3]}}
,"/Users/juliahoang/Documents/PROGRAMMING/project-requirement-rascals-15/pantrypal/pages/api/createItem.ts": {"path":"/Users/juliahoang/Documents/PROGRAMMING/project-requirement-rascals-15/pantrypal/pages/api/createItem.ts","statementMap":{"0":{"start":{"line":2,"column":0},"end":{"line":2,"column":38}},"1":{"start":{"line":22,"column":2},"end":{"line":31,"column":null}},"2":{"start":{"line":23,"column":20},"end":{"line":25,"column":6}},"3":{"start":{"line":27,"column":4},"end":{"line":27,"column":19}},"4":{"start":{"line":30,"column":4},"end":{"line":30,"column":16}},"5":{"start":{"line":21,"column":0},"end":{"line":21,"column":22}}},"fnMap":{"0":{"name":"createItem","decl":{"start":{"line":21,"column":22},"end":{"line":21,"column":32}},"loc":{"start":{"line":21,"column":43},"end":{"line":32,"column":null}}}},"branchMap":{},"s":{"0":2,"1":10,"2":10,"3":9,"4":1,"5":2},"f":{"0":10},"b":{}}
,"/Users/juliahoang/Documents/PROGRAMMING/project-requirement-rascals-15/pantrypal/pages/api/deleteItem.ts": {"path":"/Users/juliahoang/Documents/PROGRAMMING/project-requirement-rascals-15/pantrypal/pages/api/deleteItem.ts","statementMap":{"0":{"start":{"line":2,"column":0},"end":{"line":2,"column":46}},"1":{"start":{"line":3,"column":15},"end":{"line":3,"column":33}},"2":{"start":{"line":23,"column":2},"end":{"line":33,"column":null}},"3":{"start":{"line":24,"column":20},"end":{"line":28,"column":6}},"4":{"start":{"line":30,"column":4},"end":{"line":30,"column":19}},"5":{"start":{"line":32,"column":4},"end":{"line":32,"column":16}},"6":{"start":{"line":22,"column":0},"end":{"line":22,"column":22}}},"fnMap":{"0":{"name":"deleteItem","decl":{"start":{"line":22,"column":22},"end":{"line":22,"column":32}},"loc":{"start":{"line":22,"column":43},"end":{"line":34,"column":null}}}},"branchMap":{},"s":{"0":1,"1":1,"2":7,"3":7,"4":7,"5":0,"6":1},"f":{"0":7},"b":{}}
,"/Users/juliahoang/Documents/PROGRAMMING/project-requirement-rascals-15/pantrypal/pages/api/fetchItem.ts": {"path":"/Users/juliahoang/Documents/PROGRAMMING/project-requirement-rascals-15/pantrypal/pages/api/fetchItem.ts","statementMap":{"0":{"start":{"line":2,"column":0},"end":{"line":2,"column":38}},"1":{"start":{"line":21,"column":33},"end":{"line":21,"column":44}},"2":{"start":{"line":24,"column":2},"end":{"line":52,"column":null}},"3":{"start":{"line":25,"column":17},"end":{"line":48,"column":6}},"4":{"start":{"line":49,"column":4},"end":{"line":49,"column":16}},"5":{"start":{"line":51,"column":4},"end":{"line":51,"column":16}},"6":{"start":{"line":19,"column":0},"end":{"line":19,"column":22}}},"fnMap":{"0":{"name":"fetchItem","decl":{"start":{"line":19,"column":22},"end":{"line":19,"column":31}},"loc":{"start":{"line":19,"column":49},"end":{"line":53,"column":null}}}},"branchMap":{},"s":{"0":2,"1":7,"2":7,"3":7,"4":7,"5":0,"6":2},"f":{"0":7},"b":{}}
,"/Users/juliahoang/Documents/PROGRAMMING/project-requirement-rascals-15/pantrypal/pages/api/getRecipe.ts": {"path":"/Users/juliahoang/Documents/PROGRAMMING/project-requirement-rascals-15/pantrypal/pages/api/getRecipe.ts","statementMap":{"0":{"start":{"line":3,"column":18},"end":{"line":3,"column":28}},"1":{"start":{"line":4,"column":19},"end":{"line":4,"column":53}},"2":{"start":{"line":5,"column":20},"end":{"line":5,"column":103}},"3":{"start":{"line":7,"column":14},"end":{"line":7,"column":17}},"4":{"start":{"line":8,"column":18},"end":{"line":8,"column":26}},"5":{"start":{"line":9,"column":21},"end":{"line":9,"column":31}},"6":{"start":{"line":11,"column":25},"end":{"line":11,"column":46}},"7":{"start":{"line":13,"column":4},"end":{"line":15,"column":null}},"8":{"start":{"line":14,"column":8},"end":{"line":14,"column":49}},"9":{"start":{"line":17,"column":4},"end":{"line":19,"column":null}},"10":{"start":{"line":18,"column":8},"end":{"line":18,"column":61}},"11":{"start":{"line":21,"column":4},"end":{"line":23,"column":null}},"12":{"start":{"line":22,"column":8},"end":{"line":22,"column":67}},"13":{"start":{"line":30,"column":29},"end":{"line":30,"column":62}},"14":{"start":{"line":33,"column":4},"end":{"line":33,"column":28}},"15":{"start":{"line":1,"column":0},"end":{"line":1,"column":16}},"16":{"start":{"line":36,"column":18},"end":{"line":47,"column":2}},"17":{"start":{"line":36,"column":42},"end":{"line":47,"column":2}},"18":{"start":{"line":37,"column":4},"end":{"line":37,"column":38}},"19":{"start":{"line":38,"column":4},"end":{"line":46,"column":null}},"20":{"start":{"line":39,"column":20},"end":{"line":39,"column":38}},"21":{"start":{"line":40,"column":21},"end":{"line":40,"column":37}},"22":{"start":{"line":41,"column":8},"end":{"line":41,"column":26}},"23":{"start":{"line":43,"column":8},"end":{"line":43,"column":20}},"24":{"start":{"line":45,"column":8},"end":{"line":45,"column":25}},"25":{"start":{"line":49,"column":8},"end":{"line":49,"column":17}}},"fnMap":{"0":{"name":"queryString","decl":{"start":{"line":1,"column":16},"end":{"line":1,"column":27}},"loc":{"start":{"line":1,"column":98},"end":{"line":34,"column":1}}},"1":{"name":"(anonymous_8)","decl":{"start":{"line":36,"column":18},"end":{"line":36,"column":25}},"loc":{"start":{"line":36,"column":42},"end":{"line":47,"column":2}}},"2":{"name":"(anonymous_9)","decl":{"start":{"line":36,"column":42},"end":{"line":36,"column":null}},"loc":{"start":{"line":36,"column":42},"end":{"line":47,"column":1}}}},"branchMap":{},"s":{"0":8,"1":8,"2":8,"3":8,"4":8,"5":8,"6":8,"7":8,"8":8,"9":8,"10":8,"11":8,"12":5,"13":8,"14":8,"15":2,"16":2,"17":0,"18":0,"19":0,"20":0,"21":0,"22":0,"23":0,"24":0,"25":2},"f":{"0":8,"1":0,"2":0},"b":{}}
,"/Users/juliahoang/Documents/PROGRAMMING/project-requirement-rascals-15/pantrypal/pages/api/updateItem.ts": {"path":"/Users/juliahoang/Documents/PROGRAMMING/project-requirement-rascals-15/pantrypal/pages/api/updateItem.ts","statementMap":{"0":{"start":{"line":2,"column":0},"end":{"line":2,"column":38}},"1":{"start":{"line":6,"column":19},"end":{"line":6,"column":26}},"2":{"start":{"line":7,"column":22},"end":{"line":12,"column":4}},"3":{"start":{"line":13,"column":2},"end":{"line":13,"column":21}},"4":{"start":{"line":5,"column":0},"end":{"line":5,"column":30}}},"fnMap":{"0":{"name":"updateItem","decl":{"start":{"line":5,"column":30},"end":{"line":5,"column":40}},"loc":{"start":{"line":5,"column":69},"end":{"line":14,"column":null}}}},"branchMap":{},"s":{"0":1,"1":3,"2":3,"3":3,"4":1},"f":{"0":3},"b":{}}
,"/Users/juliahoang/Documents/PROGRAMMING/project-requirement-rascals-15/pantrypal/pages/api/warningItems.ts": {"path":"/Users/juliahoang/Documents/PROGRAMMING/project-requirement-rascals-15/pantrypal/pages/api/warningItems.ts","statementMap":{"0":{"start":{"line":2,"column":0},"end":{"line":2,"column":38}},"1":{"start":{"line":5,"column":14},"end":{"line":5,"column":24}},"2":{"start":{"line":6,"column":22},"end":{"line":8,"column":15}},"3":{"start":{"line":25,"column":2},"end":{"line":39,"column":null}},"4":{"start":{"line":26,"column":18},"end":{"line":35,"column":6}},"5":{"start":{"line":36,"column":4},"end":{"line":36,"column":17}},"6":{"start":{"line":38,"column":4},"end":{"line":38,"column":16}},"7":{"start":{"line":24,"column":0},"end":{"line":24,"column":22}}},"fnMap":{"0":{"name":"getExpiringItems","decl":{"start":{"line":24,"column":22},"end":{"line":24,"column":38}},"loc":{"start":{"line":24,"column":38},"end":{"line":40,"column":null}}}},"branchMap":{},"s":{"0":1,"1":1,"2":1,"3":1,"4":1,"5":1,"6":0,"7":1},"f":{"0":1},"b":{}}
}
