TN:
SF:lib/prisma.ts
FNF:0
FNH:0
DA:2,3
DA:10,3
DA:11,0
DA:13,3
DA:14,3
DA:16,3
DA:19,3
LF:7
LH:6
BRDA:10,0,0,0
BRDA:10,0,1,3
BRDA:13,1,0,3
BRF:3
BRH:2
end_of_record
TN:
SF:pages/api/createItem.ts
FN:21,createItem
FNF:1
FNH:1
FNDA:10,createItem
DA:2,2
DA:21,2
DA:22,10
DA:23,10
DA:27,9
DA:30,1
LF:6
LH:6
BRF:0
BRH:0
end_of_record
TN:
SF:pages/api/deleteItem.ts
FN:22,deleteItem
FNF:1
FNH:1
FNDA:7,deleteItem
DA:2,1
DA:3,1
DA:22,1
DA:23,7
DA:24,7
DA:30,7
DA:32,0
LF:7
LH:6
BRF:0
BRH:0
end_of_record
TN:
SF:pages/api/fetchItem.ts
FN:19,fetchItem
FNF:1
FNH:1
FNDA:7,fetchItem
DA:2,2
DA:19,2
DA:21,7
DA:24,7
DA:25,7
DA:49,7
DA:51,0
LF:7
LH:6
BRF:0
BRH:0
end_of_record
TN:
SF:pages/api/getRecipe.ts
FN:1,queryString
FN:36,(anonymous_8)
FN:36,(anonymous_9)
FNF:3
FNH:1
FNDA:8,queryString
FNDA:0,(anonymous_8)
FNDA:0,(anonymous_9)
DA:1,2
DA:3,8
DA:4,8
DA:5,8
DA:7,8
DA:8,8
DA:9,8
DA:11,8
DA:13,8
DA:14,8
DA:17,8
DA:18,8
DA:21,8
DA:22,5
DA:30,8
DA:33,8
DA:36,2
DA:37,0
DA:38,0
DA:39,0
DA:40,0
DA:41,0
DA:43,0
DA:45,0
DA:49,2
LF:25
LH:18
BRF:0
BRH:0
end_of_record
TN:
SF:pages/api/updateItem.ts
FN:5,updateItem
FNF:1
FNH:1
FNDA:3,updateItem
DA:2,1
DA:5,1
DA:6,3
DA:7,3
DA:13,3
LF:5
LH:5
BRF:0
BRH:0
end_of_record
TN:
SF:pages/api/warningItems.ts
FN:24,getExpiringItems
FNF:1
FNH:1
FNDA:1,getExpiringItems
DA:2,1
DA:5,1
DA:6,1
DA:24,1
DA:25,1
DA:26,1
DA:36,1
DA:38,0
LF:8
LH:7
BRF:0
BRH:0
end_of_record
